  NeuralNetwork.cpp
C:\Users\jason\Desktop\Visual Studio Projects\NumberRecognitionAI\NumberRecognitionAI\NeuralNetwork.cpp(38,40): warning C4244: '=': conversion from 'double' to '_Ty', possible loss of data
          with
          [
              _Ty=float
          ]
C:\Users\jason\Desktop\Visual Studio Projects\NumberRecognitionAI\NumberRecognitionAI\NeuralNetwork.cpp(42,32): warning C4244: '=': conversion from 'double' to '_Ty', possible loss of data
          with
          [
              _Ty=float
          ]
C:\Users\jason\Desktop\Visual Studio Projects\NumberRecognitionAI\NumberRecognitionAI\NeuralNetwork.cpp(48,5): error C2065: 'label': undeclared identifier
C:\Users\jason\Desktop\Visual Studio Projects\NumberRecognitionAI\NumberRecognitionAI\NeuralNetwork.cpp(57,50): error C2065: 'label': undeclared identifier
C:\Users\jason\Desktop\Visual Studio Projects\NumberRecognitionAI\NumberRecognitionAI\NeuralNetwork.cpp(64,36): error C3861: 'createRandomIndexes': identifier not found
C:\Users\jason\Desktop\Visual Studio Projects\NumberRecognitionAI\NumberRecognitionAI\NeuralNetwork.cpp(73,57): error C2440: 'initializing': cannot convert from 'std::vector<float,std::allocator<float>>' to 'std::vector<std::vector<float,std::allocator<float>>,std::allocator<std::vector<float,std::allocator<float>>>>'
C:\Users\jason\Desktop\Visual Studio Projects\NumberRecognitionAI\NumberRecognitionAI\NeuralNetwork.cpp(73,57): message : No user-defined-conversion operator available that can perform this conversion, or the operator cannot be called
C:\Users\jason\Desktop\Visual Studio Projects\NumberRecognitionAI\NumberRecognitionAI\NeuralNetwork.cpp(80,40): error C2664: 'std::vector<float,std::allocator<float>> Network::calculateCost(const std::vector<float,std::allocator<float>>,const std::vector<float,std::allocator<float>>)': cannot convert argument 1 from 'std::vector<std::vector<float,std::allocator<float>>,std::allocator<std::vector<float,std::allocator<float>>>>' to 'const std::vector<float,std::allocator<float>>'
C:\Users\jason\Desktop\Visual Studio Projects\NumberRecognitionAI\NumberRecognitionAI\NeuralNetwork.cpp(80,54): message : No user-defined-conversion operator available that can perform this conversion, or the operator cannot be called
C:\Users\jason\Desktop\Visual Studio Projects\NumberRecognitionAI\NumberRecognitionAI\NeuralNetwork.h(14,24): message : see declaration of 'Network::calculateCost'
C:\Users\jason\Desktop\Visual Studio Projects\NumberRecognitionAI\NumberRecognitionAI\NeuralNetwork.cpp(80,40): message : while trying to match the argument list '(std::vector<std::vector<float,std::allocator<float>>,std::allocator<std::vector<float,std::allocator<float>>>>, std::vector<float,std::allocator<float>>)'
C:\Users\jason\Desktop\Visual Studio Projects\NumberRecognitionAI\NumberRecognitionAI\NeuralNetwork.cpp(83,34): error C2664: 'int Network::backpropagate(const std::vector<float,std::allocator<float>>,std::vector<float,std::allocator<float>>)': cannot convert argument 1 from 'std::vector<std::vector<float,std::allocator<float>>,std::allocator<std::vector<float,std::allocator<float>>>>' to 'const std::vector<float,std::allocator<float>>'
C:\Users\jason\Desktop\Visual Studio Projects\NumberRecognitionAI\NumberRecognitionAI\NeuralNetwork.cpp(83,48): message : No user-defined-conversion operator available that can perform this conversion, or the operator cannot be called
C:\Users\jason\Desktop\Visual Studio Projects\NumberRecognitionAI\NumberRecognitionAI\NeuralNetwork.h(15,9): message : see declaration of 'Network::backpropagate'
C:\Users\jason\Desktop\Visual Studio Projects\NumberRecognitionAI\NumberRecognitionAI\NeuralNetwork.cpp(83,34): message : while trying to match the argument list '(std::vector<std::vector<float,std::allocator<float>>,std::allocator<std::vector<float,std::allocator<float>>>>, std::vector<float,std::allocator<float>>)'
C:\Users\jason\Desktop\Visual Studio Projects\NumberRecognitionAI\NumberRecognitionAI\NeuralNetwork.cpp(100,27): error C2039: 'createRandomIndexes': is not a member of 'Network'
C:\Users\jason\Desktop\Visual Studio Projects\NumberRecognitionAI\NumberRecognitionAI\NeuralNetwork.h(9,7): message : see declaration of 'Network'
C:\Users\jason\Desktop\Visual Studio Projects\NumberRecognitionAI\NumberRecognitionAI\NeuralNetwork.cpp(118,14): error C2511: 'int Network::backpropagate(const std::vector<float,std::allocator<float>> &,const std::vector<float,std::allocator<float>> &)': overloaded member function not found in 'Network'
C:\Users\jason\Desktop\Visual Studio Projects\NumberRecognitionAI\NumberRecognitionAI\NeuralNetwork.h(9,7): message : see declaration of 'Network'
C:\Users\jason\Desktop\Visual Studio Projects\NumberRecognitionAI\NumberRecognitionAI\NeuralNetwork.cpp(127,5): error C2597: illegal reference to non-static member 'Network::layers'
C:\Users\jason\Desktop\Visual Studio Projects\NumberRecognitionAI\NumberRecognitionAI\NeuralNetwork.cpp(127,5): error C3867: 'Network::layers': non-standard syntax; use '&' to create a pointer to member
C:\Users\jason\Desktop\Visual Studio Projects\NumberRecognitionAI\NumberRecognitionAI\NeuralNetwork.cpp(127,5): error C2568: '-': unable to resolve function overload
C:\Users\jason\Desktop\Visual Studio Projects\NumberRecognitionAI\NumberRecognitionAI\NeuralNetwork.cpp(128,45): error C2597: illegal reference to non-static member 'Network::nodes'
C:\Users\jason\Desktop\Visual Studio Projects\NumberRecognitionAI\NumberRecognitionAI\NeuralNetwork.cpp(128,45): error C3867: 'Network::nodes': non-standard syntax; use '&' to create a pointer to member
C:\Users\jason\Desktop\Visual Studio Projects\NumberRecognitionAI\NumberRecognitionAI\NeuralNetwork.cpp(128,45): error C2568: '[': unable to resolve function overload
C:\Users\jason\Desktop\Visual Studio Projects\NumberRecognitionAI\NumberRecognitionAI\NeuralNetwork.cpp(129,36): error C2597: illegal reference to non-static member 'Network::nodes'
C:\Users\jason\Desktop\Visual Studio Projects\NumberRecognitionAI\NumberRecognitionAI\NeuralNetwork.cpp(129,36): error C3867: 'Network::nodes': non-standard syntax; use '&' to create a pointer to member
C:\Users\jason\Desktop\Visual Studio Projects\NumberRecognitionAI\NumberRecognitionAI\NeuralNetwork.cpp(129,36): error C2568: '[': unable to resolve function overload
C:\Users\jason\Desktop\Visual Studio Projects\NumberRecognitionAI\NumberRecognitionAI\NeuralNetwork.cpp(130,44): error C2597: illegal reference to non-static member 'Network::nodes'
C:\Users\jason\Desktop\Visual Studio Projects\NumberRecognitionAI\NumberRecognitionAI\NeuralNetwork.cpp(130,44): error C3867: 'Network::nodes': non-standard syntax; use '&' to create a pointer to member
C:\Users\jason\Desktop\Visual Studio Projects\NumberRecognitionAI\NumberRecognitionAI\NeuralNetwork.cpp(130,44): error C2568: '[': unable to resolve function overload
C:\Users\jason\Desktop\Visual Studio Projects\NumberRecognitionAI\NumberRecognitionAI\NeuralNetwork.cpp(131,26): error C2597: illegal reference to non-static member 'Network::weights'
C:\Users\jason\Desktop\Visual Studio Projects\NumberRecognitionAI\NumberRecognitionAI\NeuralNetwork.cpp(131,26): error C3867: 'Network::weights': non-standard syntax; use '&' to create a pointer to member
C:\Users\jason\Desktop\Visual Studio Projects\NumberRecognitionAI\NumberRecognitionAI\NeuralNetwork.cpp(131,26): error C2568: '[': unable to resolve function overload
C:\Users\jason\Desktop\Visual Studio Projects\NumberRecognitionAI\NumberRecognitionAI\NeuralNetwork.cpp(131,59): error C2597: illegal reference to non-static member 'Network::learnRate'
C:\Users\jason\Desktop\Visual Studio Projects\NumberRecognitionAI\NumberRecognitionAI\NeuralNetwork.cpp(131,59): error C3867: 'Network::learnRate': non-standard syntax; use '&' to create a pointer to member
C:\Users\jason\Desktop\Visual Studio Projects\NumberRecognitionAI\NumberRecognitionAI\NeuralNetwork.cpp(131,59): error C2568: '*': unable to resolve function overload
C:\Users\jason\Desktop\Visual Studio Projects\NumberRecognitionAI\NumberRecognitionAI\NeuralNetwork.cpp(132,54): error C2597: illegal reference to non-static member 'Network::weights'
C:\Users\jason\Desktop\Visual Studio Projects\NumberRecognitionAI\NumberRecognitionAI\NeuralNetwork.cpp(132,54): error C3867: 'Network::weights': non-standard syntax; use '&' to create a pointer to member
C:\Users\jason\Desktop\Visual Studio Projects\NumberRecognitionAI\NumberRecognitionAI\NeuralNetwork.cpp(132,54): error C2568: '[': unable to resolve function overload
C:\Users\jason\Desktop\Visual Studio Projects\NumberRecognitionAI\NumberRecognitionAI\NeuralNetwork.cpp(136,40): error C2597: illegal reference to non-static member 'Network::nodes'
C:\Users\jason\Desktop\Visual Studio Projects\NumberRecognitionAI\NumberRecognitionAI\NeuralNetwork.cpp(136,40): error C3867: 'Network::nodes': non-standard syntax; use '&' to create a pointer to member
C:\Users\jason\Desktop\Visual Studio Projects\NumberRecognitionAI\NumberRecognitionAI\NeuralNetwork.cpp(136,40): error C2568: '[': unable to resolve function overload
C:\Users\jason\Desktop\Visual Studio Projects\NumberRecognitionAI\NumberRecognitionAI\NeuralNetwork.cpp(137,21): error C2597: illegal reference to non-static member 'Network::biases'
C:\Users\jason\Desktop\Visual Studio Projects\NumberRecognitionAI\NumberRecognitionAI\NeuralNetwork.cpp(137,21): error C3867: 'Network::biases': non-standard syntax; use '&' to create a pointer to member
C:\Users\jason\Desktop\Visual Studio Projects\NumberRecognitionAI\NumberRecognitionAI\NeuralNetwork.cpp(137,21): error C2568: '[': unable to resolve function overload
C:\Users\jason\Desktop\Visual Studio Projects\NumberRecognitionAI\NumberRecognitionAI\NeuralNetwork.cpp(137,50): error C2597: illegal reference to non-static member 'Network::learnRate'
C:\Users\jason\Desktop\Visual Studio Projects\NumberRecognitionAI\NumberRecognitionAI\NeuralNetwork.cpp(137,50): error C3867: 'Network::learnRate': non-standard syntax; use '&' to create a pointer to member
C:\Users\jason\Desktop\Visual Studio Projects\NumberRecognitionAI\NumberRecognitionAI\NeuralNetwork.cpp(137,50): error C2568: '*': unable to resolve function overload
C:\Users\jason\Desktop\Visual Studio Projects\NumberRecognitionAI\NumberRecognitionAI\NeuralNetwork.cpp(154,132): error C2556: 'std::vector<std::vector<float,std::allocator<float>>,std::allocator<std::vector<float,std::allocator<float>>>> Network::feedforward(std::vector<std::vector<float,std::allocator<float>>,std::allocator<std::vector<float,std::allocator<float>>>>,std::vector<std::vector<float,std::allocator<float>>,std::allocator<std::vector<float,std::allocator<float>>>>)': overloaded function differs only by return type from 'std::vector<float,std::allocator<float>> Network::feedforward(const std::vector<std::vector<float,std::allocator<float>>,std::allocator<std::vector<float,std::allocator<float>>>>,std::vector<std::vector<float,std::allocator<float>>,std::allocator<std::vector<float,std::allocator<float>>>>)'
C:\Users\jason\Desktop\Visual Studio Projects\NumberRecognitionAI\NumberRecognitionAI\NeuralNetwork.h(13,24): message : see declaration of 'Network::feedforward'
C:\Users\jason\Desktop\Visual Studio Projects\NumberRecognitionAI\NumberRecognitionAI\NeuralNetwork.cpp(154,42): error C2371: 'Network::feedforward': redefinition; different basic types
C:\Users\jason\Desktop\Visual Studio Projects\NumberRecognitionAI\NumberRecognitionAI\NeuralNetwork.h(13,24): message : see declaration of 'Network::feedforward'
C:\Users\jason\Desktop\Visual Studio Projects\NumberRecognitionAI\NumberRecognitionAI\NeuralNetwork.cpp(171,38): error C3861: 'sigmoid': identifier not found
C:\Users\jason\Desktop\Visual Studio Projects\NumberRecognitionAI\NumberRecognitionAI\NeuralNetwork.cpp(182,29): error C2511: 'std::vector<float,std::allocator<float>> Network::calculateCost(std::vector<std::vector<float,std::allocator<float>>,std::allocator<std::vector<float,std::allocator<float>>>>,std::vector<float,std::allocator<float>>)': overloaded member function not found in 'Network'
C:\Users\jason\Desktop\Visual Studio Projects\NumberRecognitionAI\NumberRecognitionAI\NeuralNetwork.h(9,7): message : see declaration of 'Network'
C:\Users\jason\Desktop\Visual Studio Projects\NumberRecognitionAI\NumberRecognitionAI\NeuralNetwork.cpp(196,16): error C2039: 'calculateAverageCost': is not a member of 'Network'
C:\Users\jason\Desktop\Visual Studio Projects\NumberRecognitionAI\NumberRecognitionAI\NeuralNetwork.h(9,7): message : see declaration of 'Network'
  NumberRecognitionAI.cpp
C:\Users\jason\Desktop\Visual Studio Projects\NumberRecognitionAI\NumberRecognitionAI\NumberRecognitionAI.cpp(11,44): warning C4305: 'argument': truncation from 'double' to 'const float'
  Generating Code...
